
1월 06, 2020 15:20:44.97 NEW SESSION
1월 06, 2020 15:20:44.97 [468:7116:0106/152044.971:ERROR:connection_factory_impl.cc(418)] Failed to connect to MCS endpoint with error -106
1월 06, 2020 15:20:51.63 [468:5204:0106/152051.631:ERROR:gcm_channel_status_request.cc(145)] GCM channel request failed.
1월 06, 2020 15:21:11.61 [468:7116:0106/152111.608:ERROR:connection_factory_impl.cc(418)] Failed to connect to MCS endpoint with error -106
1월 06, 2020 15:21:18.93 [468:5204:0106/152118.936:ERROR:gcm_channel_status_request.cc(145)] GCM channel request failed.
1월 06, 2020 15:22:06.59 [468:5204:0106/152206.592:ERROR:gcm_channel_status_request.cc(145)] GCM channel request failed.
1월 06, 2020 15:22:09.88 [468:7116:0106/152209.880:ERROR:connection_factory_impl.cc(418)] Failed to connect to MCS endpoint with error -106
1월 06, 2020 15:23:31.54 [468:5204:0106/152331.548:ERROR:gcm_channel_status_request.cc(145)] GCM channel request failed.
1월 06, 2020 15:23:37.93 [468:7116:0106/152337.938:ERROR:connection_factory_impl.cc(418)] Failed to connect to MCS endpoint with error -106

1월 07, 2020 14:21:45.62 NEW SESSION
1월 07, 2020 14:21:45.62 [13044:12940:0107/142145.614:ERROR:connection_factory_impl.cc(418)] Failed to connect to MCS endpoint with error -105
1월 07, 2020 14:22:22.48 [13044:12940:0107/142222.480:ERROR:connection_factory_impl.cc(418)] Failed to connect to MCS endpoint with error -105
1월 07, 2020 14:24:16.27 [13044:13032:0107/142416.274:ERROR:gcm_channel_status_request.cc(145)] GCM channel request failed.

1월 07, 2020 15:22:40.05 NEW SESSION
1월 07, 2020 15:22:40.05 [6956:9560:0107/152240.026:ERROR:connection_factory_impl.cc(418)] Failed to connect to MCS endpoint with error -106
1월 07, 2020 15:23:10.01 [6956:9560:0107/152310.011:ERROR:connection_factory_impl.cc(418)] Failed to connect to MCS endpoint with error -106
1월 07, 2020 15:24:01.79 [6956:9560:0107/152401.791:ERROR:connection_factory_impl.cc(418)] Failed to connect to MCS endpoint with error -106
1월 07, 2020 15:26:28.24 [6956:9560:0107/152628.240:ERROR:connection_factory_impl.cc(418)] Failed to connect to MCS endpoint with error -21

1월 08, 2020 15:02:11.77 NEW SESSION
1월 08, 2020 15:02:11.78 [3828:8132:0108/150211.774:ERROR:connection_factory_impl.cc(418)] Failed to connect to MCS endpoint with error -100
1월 08, 2020 15:05:04.99 [3828:8132:0108/150504.991:ERROR:connection_factory_impl.cc(418)] Failed to connect to MCS endpoint with error -106
1월 08, 2020 15:05:58.40 [3828:8132:0108/150558.401:ERROR:connection_factory_impl.cc(418)] Failed to connect to MCS endpoint with error -7
1월 08, 2020 15:07:37.50 [3828:3972:0108/150737.501:ERROR:get_updates_processor.cc(246)] PostClientToServerMessage() failed during GetUpdates
1월 08, 2020 15:11:55.12 [3828:8132:0108/151155.119:ERROR:connection_factory_impl.cc(418)] Failed to connect to MCS endpoint with error -106
1월 08, 2020 15:14:06.31 [3828:8132:0108/151406.313:ERROR:connection_factory_impl.cc(418)] Failed to connect to MCS endpoint with error -106
1월 08, 2020 15:14:27.02 [3828:8132:0108/151427.022:ERROR:connection_factory_impl.cc(418)] Failed to connect to MCS endpoint with error -106
1월 08, 2020 15:15:12.74 [3828:8132:0108/151512.741:ERROR:connection_factory_impl.cc(418)] Failed to connect to MCS endpoint with error -106
1월 08, 2020 15:16:32.02 [3828:8132:0108/151632.023:ERROR:socket_stream.cc(218)] Closing stream with result -2
1월 08, 2020 15:29:21.80 [3828:8132:0108/152921.806:ERROR:connection_factory_impl.cc(418)] Failed to connect to MCS endpoint with error -21
1월 08, 2020 18:55:43.83 [9396:11488:0108/185543.838:ERROR:socket_stream.cc(218)] Closing stream with result -2
1월 08, 2020 20:19:44.42 [9396:11488:0108/201944.427:ERROR:socket_stream.cc(218)] Closing stream with result -2
1월 08, 2020 20:19:44.47 [9396:11488:0108/201944.473:ERROR:connection_factory_impl.cc(418)] Failed to connect to MCS endpoint with error -21

1월 09, 2020 13:25:58.46 NEW SESSION
1월 09, 2020 13:25:58.46 [11764:5964:0109/132558.459:ERROR:connection_factory_impl.cc(418)] Failed to connect to MCS endpoint with error -105
1월 09, 2020 14:21:02.07 [11764:5964:0109/142102.072:ERROR:connection_factory_impl.cc(418)] Failed to connect to MCS endpoint with error -106

1월 09, 2020 14:45:54.36 NEW SESSION
1월 09, 2020 14:45:54.36 [2824:2132:0109/144554.359:ERROR:connection_factory_impl.cc(418)] Failed to connect to MCS endpoint with error -106
1월 09, 2020 14:46:11.08 [5468:1528:0109/144611.084:ERROR:connection_factory_impl.cc(418)] Failed to connect to MCS endpoint with error -106
1월 09, 2020 14:46:35.86 [5468:3676:0109/144635.866:ERROR:account_tracker.cc(241)] AccessTokenFetched error: Connection failed (-106).
1월 09, 2020 14:46:38.77 [5468:1528:0109/144638.778:ERROR:connection_factory_impl.cc(418)] Failed to connect to MCS endpoint with error -106
1월 09, 2020 14:47:20.90 [5468:1528:0109/144720.901:ERROR:connection_factory_impl.cc(418)] Failed to connect to MCS endpoint with error -106
1월 09, 2020 14:48:57.76 [5468:1528:0109/144857.769:ERROR:connection_factory_impl.cc(418)] Failed to connect to MCS endpoint with error -106
1월 09, 2020 14:51:47.15 [5468:1528:0109/145147.151:ERROR:connection_factory_impl.cc(418)] Failed to connect to MCS endpoint with error -106
1월 09, 2020 14:52:50.24 [5468:3676:0109/145250.245:ERROR:gcm_channel_status_request.cc(145)] GCM channel request failed.
1월 09, 2020 14:53:17.79 [5468:3676:0109/145317.796:ERROR:gcm_channel_status_request.cc(145)] GCM channel request failed.
1월 09, 2020 14:54:13.97 [5468:3676:0109/145413.975:ERROR:gcm_channel_status_request.cc(145)] GCM channel request failed.
1월 09, 2020 14:56:12.46 [5468:3676:0109/145612.468:ERROR:gcm_channel_status_request.cc(145)] GCM channel request failed.
1월 09, 2020 14:58:15.32 [5468:1528:0109/145815.321:ERROR:connection_factory_impl.cc(418)] Failed to connect to MCS endpoint with error -106
1월 09, 2020 14:59:41.11 [5468:3676:0109/145941.118:ERROR:gcm_channel_status_request.cc(145)] GCM channel request failed.
1월 09, 2020 15:07:31.78 [5468:3676:0109/150731.782:ERROR:account_info_fetcher.cc(60)] OnGetTokenFailure: Connection failed (-106).
1월 09, 2020 15:07:34.67 [5468:3676:0109/150734.673:ERROR:gcm_channel_status_request.cc(145)] GCM channel request failed.
1월 09, 2020 15:08:15.32 [5468:1528:0109/150815.328:ERROR:connection_factory_impl.cc(418)] Failed to connect to MCS endpoint with error -106
1월 09, 2020 15:17:34.69 [5468:3676:0109/151734.694:ERROR:gcm_channel_status_request.cc(145)] GCM channel request failed.
1월 09, 2020 15:18:15.33 [5468:1528:0109/151815.333:ERROR:connection_factory_impl.cc(418)] Failed to connect to MCS endpoint with error -106
1월 09, 2020 15:33:50.27 [5468:3676:0109/153350.271:ERROR:page_load_metrics_update_dispatcher.cc(165)] Invalid first_paint 0.525 s for first_image_paint 0.494 s
1월 09, 2020 15:33:51.83 [5468:3676:0109/153351.830:ERROR:page_load_metrics_update_dispatcher.cc(165)] Invalid first_paint 0.525 s for first_image_paint 0.494 s
1월 09, 2020 15:33:52.96 [5468:3676:0109/153352.966:ERROR:page_load_metrics_update_dispatcher.cc(165)] Invalid first_paint 0.525 s for first_image_paint 0.494 s
1월 09, 2020 15:33:54.58 [5468:3676:0109/153354.587:ERROR:page_load_metrics_update_dispatcher.cc(165)] Invalid first_paint 0.525 s for first_image_paint 0.494 s
1월 09, 2020 15:33:55.67 [5468:3676:0109/153355.678:ERROR:page_load_metrics_update_dispatcher.cc(165)] Invalid first_paint 0.525 s for first_image_paint 0.494 s
1월 09, 2020 15:33:57.17 [5468:3676:0109/153357.173:ERROR:page_load_metrics_update_dispatcher.cc(165)] Invalid first_paint 0.525 s for first_image_paint 0.494 s
1월 09, 2020 15:34:00.09 [5468:3676:0109/153400.093:ERROR:page_load_metrics_update_dispatcher.cc(165)] Invalid first_paint 0.525 s for first_image_paint 0.494 s
1월 09, 2020 18:06:16.08 [8608:10936:0109/180616.080:ERROR:backend_impl.cc(1053)] Critical error found -8
1월 09, 2020 18:06:16.10 [8608:10936:0109/180616.103:ERROR:entry_impl.cc(1001)] Failed to save user data
1월 09, 2020 21:01:03.46 [8608:5740:0109/210103.466:ERROR:connection_factory_impl.cc(418)] Failed to connect to MCS endpoint with error -106

1월 10, 2020 13:24:24.35 NEW SESSION
1월 10, 2020 13:24:24.35 [4772:6204:0110/132424.340:ERROR:connection_factory_impl.cc(418)] Failed to connect to MCS endpoint with error -106
1월 10, 2020 13:25:10.00 [4772:6204:0110/132510.005:ERROR:socket_stream.cc(218)] Closing stream with result -2
1월 10, 2020 13:25:18.66 [4772:6204:0110/132518.668:ERROR:connection_factory_impl.cc(418)] Failed to connect to MCS endpoint with error -106
1월 10, 2020 13:56:58.95 [4772:6204:0110/135658.957:ERROR:socket_stream.cc(218)] Closing stream with result -2
1월 10, 2020 13:57:02.20 [4772:6204:0110/135702.206:ERROR:connection_factory_impl.cc(418)] Failed to connect to MCS endpoint with error -21
1월 10, 2020 14:40:32.55 [4772:6204:0110/144032.559:ERROR:connection_factory_impl.cc(418)] Failed to connect to MCS endpoint with error -106
1월 10, 2020 14:40:51.19 [4772:6204:0110/144051.199:ERROR:connection_factory_impl.cc(418)] Failed to connect to MCS endpoint with error -21
1월 10, 2020 14:58:47.09 [4772:6204:0110/145847.092:ERROR:connection_factory_impl.cc(418)] Failed to connect to MCS endpoint with error -100

1월 10, 2020 18:45:48.22 NEW SESSION
1월 10, 2020 18:45:48.23 [6864:6936:0110/184548.212:ERROR:connection_factory_impl.cc(418)] Failed to connect to MCS endpoint with error -21

1월 14, 2020 13:33:15.34 NEW SESSION
1월 14, 2020 13:33:15.34 [5692:8688:0114/133315.347:ERROR:connection_factory_impl.cc(418)] Failed to connect to MCS endpoint with error -106
1월 14, 2020 13:33:39.34 [5692:8688:0114/133339.339:ERROR:connection_factory_impl.cc(418)] Failed to connect to MCS endpoint with error -106
1월 14, 2020 13:33:46.95 [5692:10412:0114/133346.950:ERROR:account_tracker.cc(241)] AccessTokenFetched error: Connection failed (-106).
1월 14, 2020 13:34:29.25 [5692:8688:0114/133429.258:ERROR:connection_factory_impl.cc(418)] Failed to connect to MCS endpoint with error -106
1월 14, 2020 13:35:40.72 [5692:8688:0114/133540.724:ERROR:connection_factory_impl.cc(418)] Failed to connect to MCS endpoint with error -21
1월 14, 2020 13:35:46.11 [5692:8688:0114/133546.110:ERROR:connection_factory_impl.cc(418)] Failed to connect to MCS endpoint with error -21
1월 14, 2020 13:35:51.82 [5692:8688:0114/133551.823:ERROR:connection_factory_impl.cc(418)] Failed to connect to MCS endpoint with error -106
1월 14, 2020 14:14:41.38 [5692:8688:0114/141441.382:ERROR:connection_factory_impl.cc(418)] Failed to connect to MCS endpoint with error -106
1월 14, 2020 14:15:06.49 [5692:8688:0114/141506.491:ERROR:connection_factory_impl.cc(418)] Failed to connect to MCS endpoint with error -106
1월 14, 2020 14:15:59.08 [5692:8688:0114/141559.080:ERROR:connection_factory_impl.cc(418)] Failed to connect to MCS endpoint with error -106
1월 14, 2020 14:17:43.46 [5692:8688:0114/141743.465:ERROR:connection_factory_impl.cc(418)] Failed to connect to MCS endpoint with error -106
1월 14, 2020 14:42:15.82 [5692:8688:0114/144215.829:ERROR:connection_factory_impl.cc(418)] Failed to connect to MCS endpoint with error -106
1월 14, 2020 14:42:36.42 [5692:8688:0114/144236.426:ERROR:connection_factory_impl.cc(418)] Failed to connect to MCS endpoint with error -106
1월 14, 2020 14:43:18.23 [5692:8688:0114/144318.229:ERROR:connection_factory_impl.cc(418)] Failed to connect to MCS endpoint with error -106
1월 14, 2020 14:44:41.80 [5692:8688:0114/144441.800:ERROR:connection_factory_impl.cc(418)] Failed to connect to MCS endpoint with error -106
1월 14, 2020 14:52:38.52 [5692:8688:0114/145238.522:ERROR:connection_factory_impl.cc(418)] Failed to connect to MCS endpoint with error -106
1월 14, 2020 14:55:09.80 [5692:10412:0114/145509.797:ERROR:gcm_channel_status_request.cc(145)] GCM channel request failed.
1월 14, 2020 14:55:37.63 [5692:10412:0114/145537.634:ERROR:gcm_channel_status_request.cc(145)] GCM channel request failed.
1월 14, 2020 14:56:22.51 [5692:10412:0114/145622.513:ERROR:gcm_channel_status_request.cc(145)] GCM channel request failed.
1월 14, 2020 14:58:04.73 [5692:10412:0114/145804.732:ERROR:gcm_channel_status_request.cc(145)] GCM channel request failed.
1월 14, 2020 14:58:40.01 [5692:8688:0114/145840.010:ERROR:connection_factory_impl.cc(418)] Failed to connect to MCS endpoint with error -106
1월 14, 2020 15:01:31.74 [5692:10412:0114/150131.748:ERROR:gcm_channel_status_request.cc(145)] GCM channel request failed.
1월 14, 2020 15:07:12.22 [5692:10412:0114/150712.222:ERROR:gcm_channel_status_request.cc(145)] GCM channel request failed.
1월 14, 2020 15:08:40.02 [5692:8688:0114/150840.026:ERROR:connection_factory_impl.cc(418)] Failed to connect to MCS endpoint with error -106
1월 14, 2020 15:17:12.23 [5692:10412:0114/151712.230:ERROR:gcm_channel_status_request.cc(145)] GCM channel request failed.
1월 14, 2020 15:18:40.03 [5692:8688:0114/151840.036:ERROR:connection_factory_impl.cc(418)] Failed to connect to MCS endpoint with error -106
1월 14, 2020 17:21:18.20 [5692:8688:0114/172118.208:ERROR:socket_stream.cc(218)] Closing stream with result -2
1월 14, 2020 17:21:18.24 [5692:8688:0114/172118.239:ERROR:connection_factory_impl.cc(418)] Failed to connect to MCS endpoint with error -21
1월 14, 2020 17:21:20.43 [5692:8688:0114/172120.439:ERROR:connection_factory_impl.cc(418)] Failed to connect to MCS endpoint with error -106
1월 14, 2020 17:22:06.66 [5692:8688:0114/172206.659:ERROR:connection_factory_impl.cc(418)] Failed to connect to MCS endpoint with error -106
1월 14, 2020 18:18:13.22 [5692:8688:0114/181813.224:ERROR:socket_stream.cc(218)] Closing stream with result -2
1월 14, 2020 18:18:13.27 [5692:8688:0114/181813.271:ERROR:connection_factory_impl.cc(418)] Failed to connect to MCS endpoint with error -21
1월 14, 2020 18:18:15.47 [5692:8688:0114/181815.474:ERROR:connection_factory_impl.cc(418)] Failed to connect to MCS endpoint with error -106
1월 14, 2020 18:45:14.17 [5692:10412:0114/184514.179:ERROR:gcm_channel_status_request.cc(145)] GCM channel request failed.
1월 14, 2020 18:45:16.13 [5692:8688:0114/184516.135:ERROR:connection_factory_impl.cc(418)] Failed to connect to MCS endpoint with error -106
1월 14, 2020 18:59:05.25 [5692:8688:0114/185905.253:ERROR:connection_factory_impl.cc(418)] Failed to connect to MCS endpoint with error -106
1월 14, 2020 19:27:54.35 [5692:8688:0114/192754.354:ERROR:socket_stream.cc(218)] Closing stream with result -2
1월 14, 2020 19:27:54.41 [5692:8688:0114/192754.416:ERROR:connection_factory_impl.cc(418)] Failed to connect to MCS endpoint with error -21
1월 14, 2020 19:27:56.59 [5692:8688:0114/192756.598:ERROR:connection_factory_impl.cc(418)] Failed to connect to MCS endpoint with error -106
1월 14, 2020 19:28:45.24 [5692:8688:0114/192845.249:ERROR:connection_factory_impl.cc(418)] Failed to connect to MCS endpoint with error -106

1월 16, 2020 21:34:33.37 NEW SESSION
1월 16, 2020 21:34:33.37 [12012:17280:0116/213433.368:ERROR:socket_stream.cc(218)] Closing stream with result -2
1월 16, 2020 21:34:33.41 [12012:17280:0116/213433.415:ERROR:connection_factory_impl.cc(418)] Failed to connect to MCS endpoint with error -21
1월 16, 2020 21:34:35.94 [12012:17280:0116/213435.941:ERROR:connection_factory_impl.cc(418)] Failed to connect to MCS endpoint with error -106
1월 16, 2020 21:35:17.75 [12012:17280:0116/213517.753:ERROR:connection_factory_impl.cc(418)] Failed to connect to MCS endpoint with error -106

1월 21, 2020 16:32:00.42 NEW SESSION
1월 21, 2020 16:32:00.54 [8680:1116:0121/163200.355:ERROR:socket_stream.cc(218)] Closing stream with result -2
1월 21, 2020 18:56:59.00 [8680:1116:0121/185659.005:ERROR:socket_stream.cc(218)] Closing stream with result -2
1월 21, 2020 18:57:01.14 [8680:1116:0121/185701.141:ERROR:connection_factory_impl.cc(418)] Failed to connect to MCS endpoint with error -106
1월 21, 2020 20:45:27.81 [8680:1116:0121/204527.818:ERROR:socket_stream.cc(218)] Closing stream with result -2
1월 21, 2020 20:45:27.85 [8680:1116:0121/204527.858:ERROR:connection_factory_impl.cc(418)] Failed to connect to MCS endpoint with error -21

1월 23, 2020 15:24:24.52 NEW SESSION
1월 23, 2020 15:24:24.52 [11768:6156:0123/152424.503:ERROR:socket_stream.cc(218)] Closing stream with result -2
1월 23, 2020 16:35:24.16 [11768:6156:0123/163524.169:ERROR:socket_stream.cc(218)] Closing stream with result -2
1월 23, 2020 17:32:03.89 [11768:6156:0123/173203.893:ERROR:socket_stream.cc(218)] Closing stream with result -2
1월 23, 2020 17:32:03.93 [11768:6156:0123/173203.931:ERROR:connection_factory_impl.cc(418)] Failed to connect to MCS endpoint with error -21
1월 23, 2020 17:52:47.57 [11768:13472:0123/175247.576:ERROR:page_load_metrics_update_dispatcher.cc(165)] Invalid first_paint 0.784 s for first_image_paint 0.751 s
1월 23, 2020 17:52:48.58 [11768:13472:0123/175248.588:ERROR:page_load_metrics_update_dispatcher.cc(165)] Invalid first_paint 0.784 s for first_image_paint 0.751 s
1월 23, 2020 17:52:50.13 [11768:13472:0123/175250.133:ERROR:page_load_metrics_update_dispatcher.cc(165)] Invalid first_paint 0.784 s for first_image_paint 0.751 s
1월 23, 2020 17:52:51.32 [11768:13472:0123/175251.327:ERROR:page_load_metrics_update_dispatcher.cc(165)] Invalid first_paint 0.784 s for first_image_paint 0.751 s
1월 23, 2020 17:52:52.49 [11768:13472:0123/175252.491:ERROR:page_load_metrics_update_dispatcher.cc(165)] Invalid first_paint 0.784 s for first_image_paint 0.751 s
1월 23, 2020 17:52:55.74 [11768:13472:0123/175255.741:ERROR:page_load_metrics_update_dispatcher.cc(165)] Invalid first_paint 0.784 s for first_image_paint 0.751 s
1월 23, 2020 17:52:58.29 [11768:13472:0123/175258.294:ERROR:page_load_metrics_update_dispatcher.cc(165)] Invalid first_paint 0.784 s for first_image_paint 0.751 s
1월 23, 2020 17:53:00.16 [11768:13472:0123/175300.162:ERROR:page_load_metrics_update_dispatcher.cc(165)] Invalid first_paint 0.784 s for first_image_paint 0.751 s
1월 23, 2020 17:53:04.49 [11768:13472:0123/175304.497:ERROR:page_load_metrics_update_dispatcher.cc(165)] Invalid first_paint 0.784 s for first_image_paint 0.751 s
1월 23, 2020 17:53:05.74 [11768:13472:0123/175305.745:ERROR:page_load_metrics_update_dispatcher.cc(165)] Invalid first_paint 0.784 s for first_image_paint 0.751 s
1월 23, 2020 17:53:08.63 [11768:13472:0123/175308.637:ERROR:page_load_metrics_update_dispatcher.cc(165)] Invalid first_paint 0.784 s for first_image_paint 0.751 s
1월 23, 2020 17:53:12.47 [11768:13472:0123/175312.472:ERROR:page_load_metrics_update_dispatcher.cc(165)] Invalid first_paint 0.784 s for first_image_paint 0.751 s
1월 23, 2020 17:53:17.01 [11768:13472:0123/175317.011:ERROR:page_load_metrics_update_dispatcher.cc(165)] Invalid first_paint 0.784 s for first_image_paint 0.751 s
1월 23, 2020 17:53:21.17 [11768:13472:0123/175321.175:ERROR:page_load_metrics_update_dispatcher.cc(165)] Invalid first_paint 0.784 s for first_image_paint 0.751 s
1월 23, 2020 17:53:26.06 [11768:13472:0123/175326.069:ERROR:page_load_metrics_update_dispatcher.cc(165)] Invalid first_paint 0.784 s for first_image_paint 0.751 s
1월 23, 2020 17:53:30.91 [11768:13472:0123/175330.912:ERROR:page_load_metrics_update_dispatcher.cc(165)] Invalid first_paint 0.784 s for first_image_paint 0.751 s
1월 23, 2020 17:53:35.65 [11768:13472:0123/175335.655:ERROR:page_load_metrics_update_dispatcher.cc(165)] Invalid first_paint 0.784 s for first_image_paint 0.751 s
1월 23, 2020 17:53:40.69 [11768:13472:0123/175340.697:ERROR:page_load_metrics_update_dispatcher.cc(165)] Invalid first_paint 0.784 s for first_image_paint 0.751 s
1월 23, 2020 17:53:45.54 [11768:13472:0123/175345.547:ERROR:page_load_metrics_update_dispatcher.cc(165)] Invalid first_paint 0.784 s for first_image_paint 0.751 s
1월 23, 2020 17:53:50.69 [11768:13472:0123/175350.698:ERROR:page_load_metrics_update_dispatcher.cc(165)] Invalid first_paint 0.784 s for first_image_paint 0.751 s
1월 23, 2020 17:53:55.53 [11768:13472:0123/175355.539:ERROR:page_load_metrics_update_dispatcher.cc(165)] Invalid first_paint 0.784 s for first_image_paint 0.751 s
1월 23, 2020 17:54:00.18 [11768:13472:0123/175400.183:ERROR:page_load_metrics_update_dispatcher.cc(165)] Invalid first_paint 0.784 s for first_image_paint 0.751 s
1월 23, 2020 17:54:05.02 [11768:13472:0123/175405.020:ERROR:page_load_metrics_update_dispatcher.cc(165)] Invalid first_paint 0.784 s for first_image_paint 0.751 s
1월 23, 2020 17:54:09.76 [11768:13472:0123/175409.763:ERROR:page_load_metrics_update_dispatcher.cc(165)] Invalid first_paint 0.784 s for first_image_paint 0.751 s
1월 23, 2020 17:54:14.20 [11768:13472:0123/175414.208:ERROR:page_load_metrics_update_dispatcher.cc(165)] Invalid first_paint 0.784 s for first_image_paint 0.751 s
1월 23, 2020 17:54:19.65 [11768:13472:0123/175419.656:ERROR:page_load_metrics_update_dispatcher.cc(165)] Invalid first_paint 0.784 s for first_image_paint 0.751 s
1월 23, 2020 17:54:21.13 [11768:13472:0123/175421.132:ERROR:page_load_metrics_update_dispatcher.cc(165)] Invalid first_paint 0.784 s for first_image_paint 0.751 s
1월 23, 2020 17:54:24.50 [11768:13472:0123/175424.506:ERROR:page_load_metrics_update_dispatcher.cc(165)] Invalid first_paint 0.784 s for first_image_paint 0.751 s
1월 23, 2020 17:54:29.65 [11768:13472:0123/175429.650:ERROR:page_load_metrics_update_dispatcher.cc(165)] Invalid first_paint 0.784 s for first_image_paint 0.751 s
1월 23, 2020 17:54:34.38 [11768:13472:0123/175434.385:ERROR:page_load_metrics_update_dispatcher.cc(165)] Invalid first_paint 0.784 s for first_image_paint 0.751 s
1월 23, 2020 17:54:39.43 [11768:13472:0123/175439.431:ERROR:page_load_metrics_update_dispatcher.cc(165)] Invalid first_paint 0.784 s for first_image_paint 0.751 s
1월 23, 2020 17:54:44.07 [11768:13472:0123/175444.076:ERROR:page_load_metrics_update_dispatcher.cc(165)] Invalid first_paint 0.784 s for first_image_paint 0.751 s
1월 23, 2020 17:54:49.02 [11768:13472:0123/175449.023:ERROR:page_load_metrics_update_dispatcher.cc(165)] Invalid first_paint 0.784 s for first_image_paint 0.751 s
1월 23, 2020 17:54:54.16 [11768:13472:0123/175454.169:ERROR:page_load_metrics_update_dispatcher.cc(165)] Invalid first_paint 0.784 s for first_image_paint 0.751 s
1월 23, 2020 17:54:59.02 [11768:13472:0123/175459.023:ERROR:page_load_metrics_update_dispatcher.cc(165)] Invalid first_paint 0.784 s for first_image_paint 0.751 s
1월 23, 2020 17:55:03.86 [11768:13472:0123/175503.867:ERROR:page_load_metrics_update_dispatcher.cc(165)] Invalid first_paint 0.784 s for first_image_paint 0.751 s
1월 23, 2020 17:55:09.31 [11768:13472:0123/175509.316:ERROR:page_load_metrics_update_dispatcher.cc(165)] Invalid first_paint 0.784 s for first_image_paint 0.751 s
1월 23, 2020 17:55:14.45 [11768:13472:0123/175514.456:ERROR:page_load_metrics_update_dispatcher.cc(165)] Invalid first_paint 0.784 s for first_image_paint 0.751 s
1월 23, 2020 17:55:19.49 [11768:13472:0123/175519.492:ERROR:page_load_metrics_update_dispatcher.cc(165)] Invalid first_paint 0.784 s for first_image_paint 0.751 s
1월 23, 2020 17:55:25.03 [11768:13472:0123/175525.034:ERROR:page_load_metrics_update_dispatcher.cc(165)] Invalid first_paint 0.784 s for first_image_paint 0.751 s
1월 23, 2020 17:55:29.77 [11768:13472:0123/175529.776:ERROR:page_load_metrics_update_dispatcher.cc(165)] Invalid first_paint 0.784 s for first_image_paint 0.751 s
1월 23, 2020 17:55:34.71 [11768:13472:0123/175534.713:ERROR:page_load_metrics_update_dispatcher.cc(165)] Invalid first_paint 0.784 s for first_image_paint 0.751 s
1월 23, 2020 17:55:39.95 [11768:13472:0123/175539.955:ERROR:page_load_metrics_update_dispatcher.cc(165)] Invalid first_paint 0.784 s for first_image_paint 0.751 s
1월 23, 2020 17:55:44.90 [11768:13472:0123/175544.902:ERROR:page_load_metrics_update_dispatcher.cc(165)] Invalid first_paint 0.784 s for first_image_paint 0.751 s
1월 23, 2020 17:55:50.05 [11768:13472:0123/175550.050:ERROR:page_load_metrics_update_dispatcher.cc(165)] Invalid first_paint 0.784 s for first_image_paint 0.751 s
1월 23, 2020 17:55:54.38 [11768:13472:0123/175554.389:ERROR:page_load_metrics_update_dispatcher.cc(165)] Invalid first_paint 0.784 s for first_image_paint 0.751 s
1월 23, 2020 17:55:59.42 [11768:13472:0123/175559.429:ERROR:page_load_metrics_update_dispatcher.cc(165)] Invalid first_paint 0.784 s for first_image_paint 0.751 s
1월 23, 2020 17:56:04.68 [11768:13472:0123/175604.681:ERROR:page_load_metrics_update_dispatcher.cc(165)] Invalid first_paint 0.784 s for first_image_paint 0.751 s
1월 23, 2020 17:56:09.92 [11768:13472:0123/175609.926:ERROR:page_load_metrics_update_dispatcher.cc(165)] Invalid first_paint 0.784 s for first_image_paint 0.751 s
1월 23, 2020 17:56:14.97 [11768:13472:0123/175614.973:ERROR:page_load_metrics_update_dispatcher.cc(165)] Invalid first_paint 0.784 s for first_image_paint 0.751 s
1월 23, 2020 17:56:19.82 [11768:13472:0123/175619.824:ERROR:page_load_metrics_update_dispatcher.cc(165)] Invalid first_paint 0.784 s for first_image_paint 0.751 s
1월 23, 2020 17:56:24.47 [11768:13472:0123/175624.474:ERROR:page_load_metrics_update_dispatcher.cc(165)] Invalid first_paint 0.784 s for first_image_paint 0.751 s
1월 23, 2020 17:56:29.51 [11768:13472:0123/175629.519:ERROR:page_load_metrics_update_dispatcher.cc(165)] Invalid first_paint 0.784 s for first_image_paint 0.751 s
1월 23, 2020 17:56:34.46 [11768:13472:0123/175634.467:ERROR:page_load_metrics_update_dispatcher.cc(165)] Invalid first_paint 0.784 s for first_image_paint 0.751 s
1월 23, 2020 17:56:39.71 [11768:13472:0123/175639.718:ERROR:page_load_metrics_update_dispatcher.cc(165)] Invalid first_paint 0.784 s for first_image_paint 0.751 s
1월 23, 2020 17:56:44.76 [11768:13472:0123/175644.764:ERROR:page_load_metrics_update_dispatcher.cc(165)] Invalid first_paint 0.784 s for first_image_paint 0.751 s
1월 23, 2020 17:56:49.91 [11768:13472:0123/175649.915:ERROR:page_load_metrics_update_dispatcher.cc(165)] Invalid first_paint 0.784 s for first_image_paint 0.751 s
1월 23, 2020 17:56:52.39 [11768:13472:0123/175652.396:ERROR:page_load_metrics_update_dispatcher.cc(165)] Invalid first_paint 0.784 s for first_image_paint 0.751 s
1월 23, 2020 17:56:53.68 [11768:13472:0123/175653.685:ERROR:page_load_metrics_update_dispatcher.cc(165)] Invalid first_paint 0.784 s for first_image_paint 0.751 s
1월 23, 2020 17:56:55.02 [11768:13472:0123/175655.020:ERROR:page_load_metrics_update_dispatcher.cc(165)] Invalid first_paint 0.784 s for first_image_paint 0.751 s
1월 23, 2020 17:56:58.30 [11768:13472:0123/175658.306:ERROR:page_load_metrics_update_dispatcher.cc(165)] Invalid first_paint 0.784 s for first_image_paint 0.751 s
1월 23, 2020 17:57:02.74 [11768:13472:0123/175702.748:ERROR:page_load_metrics_update_dispatcher.cc(165)] Invalid first_paint 0.784 s for first_image_paint 0.751 s
1월 23, 2020 17:57:07.18 [11768:13472:0123/175707.188:ERROR:page_load_metrics_update_dispatcher.cc(165)] Invalid first_paint 0.784 s for first_image_paint 0.751 s
1월 23, 2020 17:57:11.83 [11768:13472:0123/175711.832:ERROR:page_load_metrics_update_dispatcher.cc(165)] Invalid first_paint 0.784 s for first_image_paint 0.751 s
1월 23, 2020 17:57:16.27 [11768:13472:0123/175716.274:ERROR:page_load_metrics_update_dispatcher.cc(165)] Invalid first_paint 0.784 s for first_image_paint 0.751 s
1월 23, 2020 17:57:21.01 [11768:13472:0123/175721.018:ERROR:page_load_metrics_update_dispatcher.cc(165)] Invalid first_paint 0.784 s for first_image_paint 0.751 s
1월 23, 2020 17:57:25.86 [11768:13472:0123/175725.859:ERROR:page_load_metrics_update_dispatcher.cc(165)] Invalid first_paint 0.784 s for first_image_paint 0.751 s
1월 23, 2020 17:57:31.20 [11768:13472:0123/175731.205:ERROR:page_load_metrics_update_dispatcher.cc(165)] Invalid first_paint 0.784 s for first_image_paint 0.751 s
1월 23, 2020 17:57:35.83 [11768:13472:0123/175735.839:ERROR:page_load_metrics_update_dispatcher.cc(165)] Invalid first_paint 0.784 s for first_image_paint 0.751 s
1월 23, 2020 17:57:40.69 [11768:13472:0123/175740.692:ERROR:page_load_metrics_update_dispatcher.cc(165)] Invalid first_paint 0.784 s for first_image_paint 0.751 s
1월 23, 2020 17:57:45.63 [11768:13472:0123/175745.629:ERROR:page_load_metrics_update_dispatcher.cc(165)] Invalid first_paint 0.784 s for first_image_paint 0.751 s
1월 23, 2020 17:57:50.17 [11768:13472:0123/175750.176:ERROR:page_load_metrics_update_dispatcher.cc(165)] Invalid first_paint 0.784 s for first_image_paint 0.751 s
1월 23, 2020 17:57:55.22 [11768:13472:0123/175755.225:ERROR:page_load_metrics_update_dispatcher.cc(165)] Invalid first_paint 0.784 s for first_image_paint 0.751 s
1월 23, 2020 17:58:00.06 [11768:13472:0123/175800.066:ERROR:page_load_metrics_update_dispatcher.cc(165)] Invalid first_paint 0.784 s for first_image_paint 0.751 s
1월 23, 2020 17:58:05.01 [11768:13472:0123/175805.009:ERROR:page_load_metrics_update_dispatcher.cc(165)] Invalid first_paint 0.784 s for first_image_paint 0.751 s
1월 23, 2020 17:58:10.15 [11768:13472:0123/175810.157:ERROR:page_load_metrics_update_dispatcher.cc(165)] Invalid first_paint 0.784 s for first_image_paint 0.751 s
1월 23, 2020 17:58:15.00 [11768:13472:0123/175815.006:ERROR:page_load_metrics_update_dispatcher.cc(165)] Invalid first_paint 0.784 s for first_image_paint 0.751 s
1월 23, 2020 17:58:19.63 [11768:13472:0123/175819.634:ERROR:page_load_metrics_update_dispatcher.cc(165)] Invalid first_paint 0.784 s for first_image_paint 0.751 s
1월 23, 2020 17:58:24.89 [11768:13472:0123/175824.891:ERROR:page_load_metrics_update_dispatcher.cc(165)] Invalid first_paint 0.784 s for first_image_paint 0.751 s
1월 23, 2020 17:58:29.73 [11768:13472:0123/175829.732:ERROR:page_load_metrics_update_dispatcher.cc(165)] Invalid first_paint 0.784 s for first_image_paint 0.751 s
1월 23, 2020 17:58:34.67 [11768:13472:0123/175834.670:ERROR:page_load_metrics_update_dispatcher.cc(165)] Invalid first_paint 0.784 s for first_image_paint 0.751 s
1월 23, 2020 17:58:40.02 [11768:13472:0123/175840.022:ERROR:page_load_metrics_update_dispatcher.cc(165)] Invalid first_paint 0.784 s for first_image_paint 0.751 s
1월 23, 2020 17:58:45.16 [11768:13472:0123/175845.167:ERROR:page_load_metrics_update_dispatcher.cc(165)] Invalid first_paint 0.784 s for first_image_paint 0.751 s
1월 23, 2020 17:58:50.41 [11768:13472:0123/175850.416:ERROR:page_load_metrics_update_dispatcher.cc(165)] Invalid first_paint 0.784 s for first_image_paint 0.751 s
1월 23, 2020 17:58:55.66 [11768:13472:0123/175855.664:ERROR:page_load_metrics_update_dispatcher.cc(165)] Invalid first_paint 0.784 s for first_image_paint 0.751 s
1월 23, 2020 17:59:01.11 [11768:13472:0123/175901.111:ERROR:page_load_metrics_update_dispatcher.cc(165)] Invalid first_paint 0.784 s for first_image_paint 0.751 s
1월 23, 2020 17:59:06.15 [11768:13472:0123/175906.152:ERROR:page_load_metrics_update_dispatcher.cc(165)] Invalid first_paint 0.784 s for first_image_paint 0.751 s
1월 23, 2020 17:59:11.49 [11768:13472:0123/175911.494:ERROR:page_load_metrics_update_dispatcher.cc(165)] Invalid first_paint 0.784 s for first_image_paint 0.751 s
1월 23, 2020 17:59:16.53 [11768:13472:0123/175916.532:ERROR:page_load_metrics_update_dispatcher.cc(165)] Invalid first_paint 0.784 s for first_image_paint 0.751 s
1월 23, 2020 17:59:21.37 [11768:13472:0123/175921.378:ERROR:page_load_metrics_update_dispatcher.cc(165)] Invalid first_paint 0.784 s for first_image_paint 0.751 s
1월 23, 2020 17:59:26.31 [11768:13472:0123/175926.318:ERROR:page_load_metrics_update_dispatcher.cc(165)] Invalid first_paint 0.784 s for first_image_paint 0.751 s
1월 23, 2020 17:59:30.66 [11768:13472:0123/175930.661:ERROR:page_load_metrics_update_dispatcher.cc(165)] Invalid first_paint 0.784 s for first_image_paint 0.751 s
1월 23, 2020 17:59:35.71 [11768:13472:0123/175935.716:ERROR:page_load_metrics_update_dispatcher.cc(165)] Invalid first_paint 0.784 s for first_image_paint 0.751 s
1월 23, 2020 17:59:41.15 [11768:13472:0123/175941.158:ERROR:page_load_metrics_update_dispatcher.cc(165)] Invalid first_paint 0.784 s for first_image_paint 0.751 s
1월 23, 2020 17:59:46.40 [11768:13472:0123/175946.403:ERROR:page_load_metrics_update_dispatcher.cc(165)] Invalid first_paint 0.784 s for first_image_paint 0.751 s
1월 23, 2020 17:59:51.44 [11768:13472:0123/175951.440:ERROR:page_load_metrics_update_dispatcher.cc(165)] Invalid first_paint 0.784 s for first_image_paint 0.751 s
1월 23, 2020 17:59:56.28 [11768:13472:0123/175956.287:ERROR:page_load_metrics_update_dispatcher.cc(165)] Invalid first_paint 0.784 s for first_image_paint 0.751 s
1월 23, 2020 18:00:01.12 [11768:13472:0123/180001.127:ERROR:page_load_metrics_update_dispatcher.cc(165)] Invalid first_paint 0.784 s for first_image_paint 0.751 s
1월 23, 2020 18:00:06.27 [11768:13472:0123/180006.279:ERROR:page_load_metrics_update_dispatcher.cc(165)] Invalid first_paint 0.784 s for first_image_paint 0.751 s
1월 23, 2020 18:00:11.42 [11768:13472:0123/180011.428:ERROR:page_load_metrics_update_dispatcher.cc(165)] Invalid first_paint 0.784 s for first_image_paint 0.751 s
1월 23, 2020 18:00:16.87 [11768:13472:0123/180016.874:ERROR:page_load_metrics_update_dispatcher.cc(165)] Invalid first_paint 0.784 s for first_image_paint 0.751 s
1월 23, 2020 18:00:22.11 [11768:13472:0123/180022.118:ERROR:page_load_metrics_update_dispatcher.cc(165)] Invalid first_paint 0.784 s for first_image_paint 0.751 s
1월 23, 2020 18:00:27.37 [11768:13472:0123/180027.374:ERROR:page_load_metrics_update_dispatcher.cc(165)] Invalid first_paint 0.784 s for first_image_paint 0.751 s
1월 23, 2020 18:00:32.51 [11768:13472:0123/180032.514:ERROR:page_load_metrics_update_dispatcher.cc(165)] Invalid first_paint 0.784 s for first_image_paint 0.751 s
1월 23, 2020 18:00:37.86 [11768:13472:0123/180037.863:ERROR:page_load_metrics_update_dispatcher.cc(165)] Invalid first_paint 0.784 s for first_image_paint 0.751 s
1월 23, 2020 18:00:42.80 [11768:13472:0123/180042.807:ERROR:page_load_metrics_update_dispatcher.cc(165)] Invalid first_paint 0.784 s for first_image_paint 0.751 s
1월 23, 2020 18:00:47.95 [11768:13472:0123/180047.953:ERROR:page_load_metrics_update_dispatcher.cc(165)] Invalid first_paint 0.784 s for first_image_paint 0.751 s
1월 23, 2020 18:00:53.50 [11768:13472:0123/180053.502:ERROR:page_load_metrics_update_dispatcher.cc(165)] Invalid first_paint 0.784 s for first_image_paint 0.751 s
1월 23, 2020 18:00:54.85 [11768:13472:0123/180054.851:ERROR:page_load_metrics_update_dispatcher.cc(165)] Invalid first_paint 0.784 s for first_image_paint 0.751 s
1월 23, 2020 18:00:56.05 [11768:13472:0123/180056.053:ERROR:page_load_metrics_update_dispatcher.cc(165)] Invalid first_paint 0.784 s for first_image_paint 0.751 s
1월 23, 2020 18:01:01.68 [11768:13472:0123/180101.682:ERROR:page_load_metrics_update_dispatcher.cc(165)] Invalid first_paint 0.784 s for first_image_paint 0.751 s
1월 23, 2020 18:01:07.52 [11768:13472:0123/180107.523:ERROR:page_load_metrics_update_dispatcher.cc(165)] Invalid first_paint 0.784 s for first_image_paint 0.751 s
1월 23, 2020 18:01:13.27 [11768:13472:0123/180113.271:ERROR:page_load_metrics_update_dispatcher.cc(165)] Invalid first_paint 0.784 s for first_image_paint 0.751 s
1월 23, 2020 18:01:19.01 [11768:13472:0123/180119.015:ERROR:page_load_metrics_update_dispatcher.cc(165)] Invalid first_paint 0.784 s for first_image_paint 0.751 s
1월 23, 2020 18:01:22.51 [11768:13472:0123/180122.512:ERROR:page_load_metrics_update_dispatcher.cc(165)] Invalid first_paint 0.784 s for first_image_paint 0.751 s
1월 23, 2020 18:01:24.61 [11768:13472:0123/180124.618:ERROR:page_load_metrics_update_dispatcher.cc(165)] Invalid first_paint 0.784 s for first_image_paint 0.751 s
1월 23, 2020 18:03:46.17 [11768:13472:0123/180346.172:ERROR:page_load_metrics_update_dispatcher.cc(165)] Invalid first_paint 0.784 s for first_image_paint 0.751 s
1월 23, 2020 18:03:47.38 [11768:13472:0123/180347.387:ERROR:page_load_metrics_update_dispatcher.cc(165)] Invalid first_paint 0.784 s for first_image_paint 0.751 s
1월 23, 2020 18:03:48.83 [11768:13472:0123/180348.838:ERROR:page_load_metrics_update_dispatcher.cc(165)] Invalid first_paint 0.784 s for first_image_paint 0.751 s
1월 23, 2020 18:03:50.43 [11768:13472:0123/180350.438:ERROR:page_load_metrics_update_dispatcher.cc(165)] Invalid first_paint 0.784 s for first_image_paint 0.751 s
1월 23, 2020 18:03:54.55 [11768:13472:0123/180354.551:ERROR:page_load_metrics_update_dispatcher.cc(165)] Invalid first_paint 0.784 s for first_image_paint 0.751 s
1월 23, 2020 18:03:56.83 [11768:13472:0123/180356.832:ERROR:page_load_metrics_update_dispatcher.cc(165)] Invalid first_paint 0.784 s for first_image_paint 0.751 s
1월 23, 2020 18:04:01.70 [11768:13472:0123/180401.705:ERROR:page_load_metrics_update_dispatcher.cc(165)] Invalid first_paint 0.784 s for first_image_paint 0.751 s
1월 23, 2020 18:04:06.00 [11768:13472:0123/180406.007:ERROR:page_load_metrics_update_dispatcher.cc(165)] Invalid first_paint 0.784 s for first_image_paint 0.751 s
1월 23, 2020 18:04:09.20 [11768:13472:0123/180409.205:ERROR:page_load_metrics_update_dispatcher.cc(165)] Invalid first_paint 0.784 s for first_image_paint 0.751 s
1월 23, 2020 18:04:58.48 [11768:13472:0123/180458.480:ERROR:page_load_metrics_update_dispatcher.cc(165)] Invalid first_paint 0.784 s for first_image_paint 0.751 s
1월 23, 2020 18:04:59.64 [11768:13472:0123/180459.643:ERROR:page_load_metrics_update_dispatcher.cc(165)] Invalid first_paint 0.784 s for first_image_paint 0.751 s
1월 23, 2020 18:09:01.57 [11768:13472:0123/180901.571:ERROR:page_load_metrics_update_dispatcher.cc(165)] Invalid first_paint 0.784 s for first_image_paint 0.751 s
1월 23, 2020 18:09:02.59 [11768:13472:0123/180902.596:ERROR:page_load_metrics_update_dispatcher.cc(165)] Invalid first_paint 0.784 s for first_image_paint 0.751 s
1월 23, 2020 18:10:28.43 [11768:13472:0123/181028.436:ERROR:page_load_metrics_update_dispatcher.cc(165)] Invalid first_paint 0.784 s for first_image_paint 0.751 s
1월 23, 2020 18:13:04.53 [11768:13472:0123/181304.533:ERROR:page_load_metrics_update_dispatcher.cc(165)] Invalid first_paint 0.784 s for first_image_paint 0.751 s
1월 23, 2020 18:13:07.50 [11768:13472:0123/181307.500:ERROR:page_load_metrics_update_dispatcher.cc(165)] Invalid first_paint 0.784 s for first_image_paint 0.751 s
1월 23, 2020 18:17:06.48 [11768:13472:0123/181706.487:ERROR:page_load_metrics_update_dispatcher.cc(165)] Invalid first_paint 0.784 s for first_image_paint 0.751 s
1월 23, 2020 18:17:07.61 [11768:13472:0123/181707.611:ERROR:page_load_metrics_update_dispatcher.cc(165)] Invalid first_paint 0.784 s for first_image_paint 0.751 s
1월 23, 2020 18:28:25.44 [11768:13472:0123/182825.440:ERROR:page_load_metrics_update_dispatcher.cc(165)] Invalid first_paint 0.784 s for first_image_paint 0.751 s
1월 23, 2020 18:54:20.72 [11768:6156:0123/185420.725:ERROR:socket_stream.cc(218)] Closing stream with result -2
1월 23, 2020 19:04:20.43 [11768:13472:0123/190420.436:ERROR:page_load_metrics_update_dispatcher.cc(165)] Invalid first_paint 0.784 s for first_image_paint 0.751 s
1월 23, 2020 19:19:20.43 [11768:13472:0123/191920.437:ERROR:page_load_metrics_update_dispatcher.cc(165)] Invalid first_paint 0.784 s for first_image_paint 0.751 s
1월 23, 2020 19:22:06.01 [11768:13472:0123/192206.011:ERROR:page_load_metrics_update_dispatcher.cc(165)] Invalid first_paint 0.784 s for first_image_paint 0.751 s
1월 23, 2020 19:22:09.97 [11768:13472:0123/192209.972:ERROR:page_load_metrics_update_dispatcher.cc(165)] Invalid first_paint 0.784 s for first_image_paint 0.751 s
1월 23, 2020 19:22:11.57 [11768:13472:0123/192211.579:ERROR:page_load_metrics_update_dispatcher.cc(165)] Invalid first_paint 0.784 s for first_image_paint 0.751 s
1월 23, 2020 19:22:13.53 [11768:13472:0123/192213.539:ERROR:page_load_metrics_update_dispatcher.cc(165)] Invalid first_paint 0.784 s for first_image_paint 0.751 s
1월 23, 2020 19:25:14.43 [11768:13472:0123/192514.437:ERROR:page_load_metrics_update_dispatcher.cc(165)] Invalid first_paint 0.784 s for first_image_paint 0.751 s
1월 23, 2020 19:39:56.43 [11768:13472:0123/193956.439:ERROR:page_load_metrics_update_dispatcher.cc(165)] Invalid first_paint 0.784 s for first_image_paint 0.751 s
1월 23, 2020 19:42:43.64 [11768:6156:0123/194243.649:ERROR:socket_stream.cc(218)] Closing stream with result -2
1월 23, 2020 19:42:43.67 [11768:6156:0123/194243.677:ERROR:connection_factory_impl.cc(418)] Failed to connect to MCS endpoint with error -21
1월 23, 2020 19:55:17.44 [11768:13472:0123/195517.446:ERROR:page_load_metrics_update_dispatcher.cc(165)] Invalid first_paint 0.784 s for first_image_paint 0.751 s
1월 23, 2020 20:12:21.43 [11768:13472:0123/201221.438:ERROR:page_load_metrics_update_dispatcher.cc(165)] Invalid first_paint 0.784 s for first_image_paint 0.751 s
1월 23, 2020 20:26:44.44 [11768:13472:0123/202644.447:ERROR:page_load_metrics_update_dispatcher.cc(165)] Invalid first_paint 0.784 s for first_image_paint 0.751 s
1월 23, 2020 20:38:22.44 [11768:13472:0123/203822.440:ERROR:page_load_metrics_update_dispatcher.cc(165)] Invalid first_paint 0.784 s for first_image_paint 0.751 s
1월 23, 2020 20:48:55.44 [11768:13472:0123/204855.440:ERROR:page_load_metrics_update_dispatcher.cc(165)] Invalid first_paint 0.784 s for first_image_paint 0.751 s
1월 23, 2020 21:13:53.44 [11768:13472:0123/211353.447:ERROR:page_load_metrics_update_dispatcher.cc(165)] Invalid first_paint 0.784 s for first_image_paint 0.751 s
1월 23, 2020 21:23:26.44 [11768:13472:0123/212326.441:ERROR:page_load_metrics_update_dispatcher.cc(165)] Invalid first_paint 0.784 s for first_image_paint 0.751 s
1월 23, 2020 21:34:18.44 [11768:13472:0123/213418.442:ERROR:page_load_metrics_update_dispatcher.cc(165)] Invalid first_paint 0.784 s for first_image_paint 0.751 s
1월 24, 2020 09:42:12.21 [11768:6156:0124/094212.196:ERROR:socket_stream.cc(218)] Closing stream with result -2
1월 24, 2020 09:42:13.80 [11768:6156:0124/094213.803:ERROR:connection_factory_impl.cc(418)] Failed to connect to MCS endpoint with error -21
1월 24, 2020 13:14:22.57 [11768:6156:0124/131422.570:ERROR:socket_stream.cc(218)] Closing stream with result -2
1월 24, 2020 13:14:23.05 [11768:6156:0124/131423.054:ERROR:connection_factory_impl.cc(418)] Failed to connect to MCS endpoint with error -21
1월 24, 2020 13:14:23.72 [11768:13472:0124/131423.728:ERROR:gcm_channel_status_request.cc(145)] GCM channel request failed.

1월 28, 2020 15:01:21.06 NEW SESSION
1월 28, 2020 15:01:21.06 [11428:13444:0128/150121.060:ERROR:connection_factory_impl.cc(418)] Failed to connect to MCS endpoint with error -106
1월 28, 2020 15:01:41.95 [11428:13444:0128/150141.956:ERROR:connection_factory_impl.cc(418)] Failed to connect to MCS endpoint with error -106
1월 28, 2020 15:01:48.18 [11428:16504:0128/150148.183:ERROR:account_tracker.cc(241)] AccessTokenFetched error: Connection failed (-106).

1월 29, 2020 14:51:57.48 NEW SESSION
1월 29, 2020 14:51:57.48 [18400:4888:0129/145157.479:ERROR:connection_factory_impl.cc(418)] Failed to connect to MCS endpoint with error -118
1월 29, 2020 14:52:41.51 [18400:4888:0129/145241.517:ERROR:connection_factory_impl.cc(418)] Failed to connect to MCS endpoint with error -118
1월 29, 2020 14:53:39.24 [18400:14648:0129/145339.241:ERROR:account_tracker.cc(241)] AccessTokenFetched error: Connection failed (-118).
1월 29, 2020 14:53:50.93 [18400:4888:0129/145350.934:ERROR:connection_factory_impl.cc(418)] Failed to connect to MCS endpoint with error -118
1월 29, 2020 14:55:41.18 [18400:4888:0129/145541.181:ERROR:connection_factory_impl.cc(418)] Failed to connect to MCS endpoint with error -118
1월 29, 2020 15:07:35.26 [18400:4888:0129/150735.267:ERROR:connection_factory_impl.cc(418)] Failed to connect to MCS endpoint with error -21
1월 29, 2020 16:28:53.30 [18400:4888:0129/162853.302:ERROR:socket_stream.cc(218)] Closing stream with result -2
1월 29, 2020 16:28:53.35 [18400:4888:0129/162853.355:ERROR:connection_factory_impl.cc(418)] Failed to connect to MCS endpoint with error -21
1월 29, 2020 18:50:18.24 [18400:4888:0129/185018.246:ERROR:socket_stream.cc(218)] Closing stream with result -2
1월 29, 2020 18:50:19.12 [18400:14648:0129/185019.129:ERROR:gcm_channel_status_request.cc(145)] GCM channel request failed.
1월 29, 2020 20:08:09.92 [18400:4888:0129/200809.921:ERROR:socket_stream.cc(218)] Closing stream with result -2
1월 29, 2020 21:32:28.77 [18400:4888:0129/213228.773:ERROR:socket_stream.cc(218)] Closing stream with result -2

1월 30, 2020 01:27:25.36 NEW SESSION
1월 30, 2020 01:27:25.36 [13304:7632:0130/012725.356:ERROR:CONSOLE(330)] "Uncaught TypeError: Cannot set property 'x' of undefined", source: chrome-search://most-visited/single.js (330)
1월 30, 2020 01:27:25.37 [13304:7632:0130/012725.358:ERROR:CONSOLE(330)] "Uncaught TypeError: Cannot set property 'x' of undefined", source: chrome-search://most-visited/single.js (330)

2월 02, 2020 17:36:27.38 NEW SESSION
2월 02, 2020 17:36:27.38 [7900:1384:0202/173627.309:ERROR:socket_stream.cc(218)] Closing stream with result -2
